<?xml version="1.0" encoding="UTF-8"?>
<!-- Generated by org.testng.reporters.JUnitReportReporter -->
<testsuite hostname="EPRURYAW0075" name="environment.PositiveTest" tests="10" failures="0" timestamp="27 Nov 2015 10:33:53 GMT" time="0.015" errors="0">
  <testcase name="testRectangleGetPerimeter" time="0.001" classname="environment.PositiveTest"/>
  <testcase name="testRectangleGetSquare" time="0.001" classname="environment.PositiveTest"/>
  <testcase name="testQuadrateGetSquare" time="0.001" classname="environment.PositiveTest"/>
  <testcase name="testRectangleGetPerimeter" time="0.001" classname="environment.PositiveTest"/>
  <testcase name="testCircleGetSquare" time="0.001" classname="environment.PositiveTest"/>
  <testcase name="testCircleNullPointer" time="0.004" classname="environment.PositiveTest"/>
  <testcase name="testQuadrateGetPerimeter" time="0.000" classname="environment.PositiveTest"/>
  <testcase name="testRectangleIsQuadrate" time="0.003" classname="environment.PositiveTest"/>
  <testcase name="testRectangleGetPerimeter" time="0.000" classname="environment.PositiveTest"/>
  <testcase name="testCircleGetCircumference" time="0.003" classname="environment.PositiveTest"/>
</testsuite> <!-- environment.PositiveTest -->
