<?xml version="1.0" encoding="UTF-8"?>
<!-- Generated by org.testng.reporters.JUnitReportReporter -->
<testsuite hostname="EPRURYAW0075" name="environment.PositiveTestsNG" tests="10" failures="0" timestamp="24 Nov 2015 08:47:10 GMT" time="0.010" errors="0">
  <testcase name="testQuadrateGetSquare" time="0.001" classname="environment.PositiveTestsNG"/>
  <testcase name="testCircleNullPointerException" time="0.004" classname="environment.PositiveTestsNG"/>
  <testcase name="testCircleGetCircumference" time="0.003" classname="environment.PositiveTestsNG"/>
  <testcase name="testRectangleGetPerimeter" time="0.000" classname="environment.PositiveTestsNG"/>
  <testcase name="testCircleGetSquare" time="0.000" classname="environment.PositiveTestsNG"/>
  <testcase name="testRectangleGetPerimeter" time="0.000" classname="environment.PositiveTestsNG"/>
  <testcase name="testRectangleGetPerimeter" time="0.000" classname="environment.PositiveTestsNG"/>
  <testcase name="testQuadrateGetPerimeter" time="0.001" classname="environment.PositiveTestsNG"/>
  <testcase name="testRectangleGetSquare" time="0.000" classname="environment.PositiveTestsNG"/>
  <testcase name="testRectangleIsQuadrate" time="0.001" classname="environment.PositiveTestsNG"/>
</testsuite> <!-- environment.PositiveTestsNG -->
