<?xml version="1.0" encoding="UTF-8"?>
<!-- Generated by org.testng.reporters.JUnitReportReporter -->
<testsuite hostname="EPRURYAW0075" name="environment.NegativeTest" tests="1" failures="0" timestamp="27 Nov 2015 10:33:45 GMT" time="0.002" errors="0">
  <testcase name="testRectangleIsNotQuadrate" time="0.002" classname="environment.NegativeTest"/>
</testsuite> <!-- environment.NegativeTest -->
