<?xml version="1.0" encoding="UTF-8"?>
<!-- Generated by org.testng.reporters.JUnitReportReporter -->
<testsuite hostname="EPRURYAW0075" name="environment.TestFactory" tests="30" failures="0" timestamp="27 Nov 2015 10:33:45 GMT" time="0.021" errors="0">
  <testcase name="testQuadrateGetPerimeter" time="0.001" classname="environment.TestFactory"/>
  <testcase name="testCircleGetSquare" time="0.001" classname="environment.TestFactory"/>
  <testcase name="testRectangleIsQuadrate" time="0.000" classname="environment.TestFactory"/>
  <testcase name="testCircleGetSquare" time="0.000" classname="environment.TestFactory"/>
  <testcase name="testCircleNullPointer" time="0.004" classname="environment.TestFactory"/>
  <testcase name="testRectangleGetPerimeter" time="0.000" classname="environment.TestFactory"/>
  <testcase name="testRectangleGetPerimeter" time="0.000" classname="environment.TestFactory"/>
  <testcase name="testRectangleGetPerimeter" time="0.001" classname="environment.TestFactory"/>
  <testcase name="testRectangleGetPerimeter" time="0.001" classname="environment.TestFactory"/>
  <testcase name="testQuadrateGetSquare" time="0.000" classname="environment.TestFactory"/>
  <testcase name="testRectangleIsQuadrate" time="0.000" classname="environment.TestFactory"/>
  <testcase name="testRectangleGetPerimeter" time="0.001" classname="environment.TestFactory"/>
  <testcase name="testCircleNullPointer" time="0.000" classname="environment.TestFactory"/>
  <testcase name="testQuadrateGetPerimeter" time="0.001" classname="environment.TestFactory"/>
  <testcase name="testRectangleGetSquare" time="0.001" classname="environment.TestFactory"/>
  <testcase name="testQuadrateGetSquare" time="0.000" classname="environment.TestFactory"/>
  <testcase name="testRectangleGetSquare" time="0.000" classname="environment.TestFactory"/>
  <testcase name="testCircleNullPointer" time="0.001" classname="environment.TestFactory"/>
  <testcase name="testRectangleGetPerimeter" time="0.000" classname="environment.TestFactory"/>
  <testcase name="testRectangleGetPerimeter" time="0.000" classname="environment.TestFactory"/>
  <testcase name="testCircleGetCircumference" time="0.002" classname="environment.TestFactory"/>
  <testcase name="testCircleGetSquare" time="0.000" classname="environment.TestFactory"/>
  <testcase name="testQuadrateGetPerimeter" time="0.001" classname="environment.TestFactory"/>
  <testcase name="testCircleGetCircumference" time="0.000" classname="environment.TestFactory"/>
  <testcase name="testRectangleGetSquare" time="0.001" classname="environment.TestFactory"/>
  <testcase name="testCircleGetCircumference" time="0.001" classname="environment.TestFactory"/>
  <testcase name="testQuadrateGetSquare" time="0.001" classname="environment.TestFactory"/>
  <testcase name="testRectangleGetPerimeter" time="0.001" classname="environment.TestFactory"/>
  <testcase name="testRectangleIsQuadrate" time="0.001" classname="environment.TestFactory"/>
  <testcase name="testRectangleGetPerimeter" time="0.001" classname="environment.TestFactory"/>
</testsuite> <!-- environment.TestFactory -->
