<?xml version="1.0" encoding="UTF-8"?>
<!-- Generated by org.testng.reporters.JUnitReportReporter -->
<testsuite hostname="EPRURYAW0075" name="environment.NegativeTestsNG" tests="1" failures="0" timestamp="27 Nov 2015 09:58:42 GMT" time="0.007" errors="0">
  <testcase name="testRectangleIsNotQuadrate" time="0.007" classname="environment.NegativeTestsNG"/>
</testsuite> <!-- environment.NegativeTestsNG -->
